lease-web-app  | 
lease-web-app  | 
lease-web-app  |   .   ____          _            __ _ _
lease-web-app  |  /\\ / ___'_ __ _ _(_)_ __  __ _ \ \ \ \
lease-web-app  | ( ( )\___ | '_ | '_| | '_ \/ _` | \ \ \ \
lease-web-app  |  \\/  ___)| |_)| | | | | || (_| |  ) ) ) )
lease-web-app  |   '  |____| .__|_| |_|_| |_\__, | / / / /
lease-web-app  |  =========|_|==============|___/=/_/_/_/
lease-web-app  |  :: Spring Boot ::                (v3.0.5)
lease-web-app  | 
lease-web-app  | 
lease-web-app  | 2025-06-18 13:33:27.935 [main] INFO  com.atguigu.lease.AppWebApplication - Starting AppWebApplication v1.0-SNAPSHOT using Java 17-ea with PID 1 (/app/app.jar started by root in /app)
lease-web-app  | 2025-06-18 13:33:27.943 [main] INFO  com.atguigu.lease.AppWebApplication - The following 1 profile is active: "prod"
lease-web-app  | 2025-06-18 13:33:39.091 [main] INFO  o.a.coyote.http11.Http11NioProtocol - Initializing ProtocolHandler ["http-nio-8081"]
lease-web-app  | 2025-06-18 13:33:39.106 [main] INFO  o.a.catalina.core.StandardService - Starting service [Tomcat]
lease-web-app  | 2025-06-18 13:33:39.112 [main] INFO  o.a.catalina.core.StandardEngine - Starting Servlet engine: [Apache Tomcat/10.1.7]
lease-web-app  | 2025-06-18 13:33:39.584 [main] INFO  o.a.c.c.C.[Tomcat].[localhost].[/] - Initializing Spring embedded WebApplicationContext
lease-web-app  | Logging initialized using 'class org.apache.ibatis.logging.stdout.StdOutImpl' adapter.
lease-web-app  | Registered plugin: 'com.baomidou.mybatisplus.extension.plugins.MybatisPlusInterceptor@a0a9fa5'
lease-web-app  | Parsed mapper file: 'URL [jar:file:/app/app.jar!/BOOT-INF/classes!/mapper/ApartmentFacilityMapper.xml]'
lease-web-app  | Parsed mapper file: 'URL [jar:file:/app/app.jar!/BOOT-INF/classes!/mapper/ApartmentFeeValueMapper.xml]'
lease-web-app  | Parsed mapper file: 'URL [jar:file:/app/app.jar!/BOOT-INF/classes!/mapper/ApartmentInfoMapper.xml]'
lease-web-app  | Parsed mapper file: 'URL [jar:file:/app/app.jar!/BOOT-INF/classes!/mapper/ApartmentLabelMapper.xml]'
lease-web-app  | Parsed mapper file: 'URL [jar:file:/app/app.jar!/BOOT-INF/classes!/mapper/AttrKeyMapper.xml]'
lease-web-app  | Parsed mapper file: 'URL [jar:file:/app/app.jar!/BOOT-INF/classes!/mapper/AttrValueMapper.xml]'
lease-web-app  | Parsed mapper file: 'URL [jar:file:/app/app.jar!/BOOT-INF/classes!/mapper/BlogCommentInfoMapper.xml]'
lease-web-app  | Parsed mapper file: 'URL [jar:file:/app/app.jar!/BOOT-INF/classes!/mapper/BlogFollowMapper.xml]'
lease-web-app  | Parsed mapper file: 'URL [jar:file:/app/app.jar!/BOOT-INF/classes!/mapper/BlogGraphInfoMapper.xml]'
lease-web-app  | Parsed mapper file: 'URL [jar:file:/app/app.jar!/BOOT-INF/classes!/mapper/BlogInfoMapper.xml]'
lease-web-app  | Parsed mapper file: 'URL [jar:file:/app/app.jar!/BOOT-INF/classes!/mapper/BrowsingHistoryMapper.xml]'
lease-web-app  | Parsed mapper file: 'URL [jar:file:/app/app.jar!/BOOT-INF/classes!/mapper/CityInfoMapper.xml]'
lease-web-app  | Parsed mapper file: 'URL [jar:file:/app/app.jar!/BOOT-INF/classes!/mapper/DistrictInfoMapper.xml]'
lease-web-app  | Parsed mapper file: 'URL [jar:file:/app/app.jar!/BOOT-INF/classes!/mapper/FacilityInfoMapper.xml]'
lease-web-app  | Parsed mapper file: 'URL [jar:file:/app/app.jar!/BOOT-INF/classes!/mapper/FeeKeyMapper.xml]'
lease-web-app  | Parsed mapper file: 'URL [jar:file:/app/app.jar!/BOOT-INF/classes!/mapper/FeeValueMapper.xml]'
lease-web-app  | Parsed mapper file: 'URL [jar:file:/app/app.jar!/BOOT-INF/classes!/mapper/FileManagementMapper.xml]'
lease-web-app  | Parsed mapper file: 'URL [jar:file:/app/app.jar!/BOOT-INF/classes!/mapper/GraphInfoMapper.xml]'
lease-web-app  | Parsed mapper file: 'URL [jar:file:/app/app.jar!/BOOT-INF/classes!/mapper/LabelInfoMapper.xml]'
lease-web-app  | Parsed mapper file: 'URL [jar:file:/app/app.jar!/BOOT-INF/classes!/mapper/LeaseAgreementMapper.xml]'
lease-web-app  | Parsed mapper file: 'URL [jar:file:/app/app.jar!/BOOT-INF/classes!/mapper/LeaseTermMapper.xml]'
lease-web-app  | Parsed mapper file: 'URL [jar:file:/app/app.jar!/BOOT-INF/classes!/mapper/PaymentTypeMapper.xml]'
lease-web-app  | Parsed mapper file: 'URL [jar:file:/app/app.jar!/BOOT-INF/classes!/mapper/ProvinceInfoMapper.xml]'
lease-web-app  | Parsed mapper file: 'URL [jar:file:/app/app.jar!/BOOT-INF/classes!/mapper/RoomAttrValueMapper.xml]'
lease-web-app  | Parsed mapper file: 'URL [jar:file:/app/app.jar!/BOOT-INF/classes!/mapper/RoomFacilityMapper.xml]'
lease-web-app  | Parsed mapper file: 'URL [jar:file:/app/app.jar!/BOOT-INF/classes!/mapper/RoomInfoMapper.xml]'
lease-web-app  | Parsed mapper file: 'URL [jar:file:/app/app.jar!/BOOT-INF/classes!/mapper/RoomLabelMapper.xml]'
lease-web-app  | Parsed mapper file: 'URL [jar:file:/app/app.jar!/BOOT-INF/classes!/mapper/RoomLeaseTermMapper.xml]'
lease-web-app  | Parsed mapper file: 'URL [jar:file:/app/app.jar!/BOOT-INF/classes!/mapper/RoomPaymentTypeMapper.xml]'
lease-web-app  | Parsed mapper file: 'URL [jar:file:/app/app.jar!/BOOT-INF/classes!/mapper/TalkInfoMapper.xml]'
lease-web-app  | Parsed mapper file: 'URL [jar:file:/app/app.jar!/BOOT-INF/classes!/mapper/TalkSessionMapper.xml]'
lease-web-app  | Parsed mapper file: 'URL [jar:file:/app/app.jar!/BOOT-INF/classes!/mapper/UserInfoMapper.xml]'
lease-web-app  | Parsed mapper file: 'URL [jar:file:/app/app.jar!/BOOT-INF/classes!/mapper/ViewAppointmentMapper.xml]'
lease-web-app  |  _ _   |_  _ _|_. ___ _ |    _ 
lease-web-app  | | | |\/|_)(_| | |_\  |_)||_|_\ 
lease-web-app  |      /               |         
lease-web-app  |                         3.5.3.1 
lease-web-app  | 2025-06-18 13:34:00.519 [main] INFO  o.a.coyote.http11.Http11NioProtocol - Starting ProtocolHandler ["http-nio-8081"]
lease-web-app  | 2025-06-18 13:34:00.827 [main] INFO  com.atguigu.lease.AppWebApplication - Started AppWebApplication in 36.557 seconds (process running for 39.907)
lease-web-app  | 2025-06-18 13:35:22.902 [http-nio-8081-exec-1] INFO  o.a.c.c.C.[Tomcat].[localhost].[/] - Initializing Spring DispatcherServlet 'dispatcherServlet'
lease-web-app  | LeaseException(code=305)
lease-web-app  | 	at com.atguigu.lease.common.utils.JwtUtil.parseToken(JwtUtil.java:30)
lease-web-app  | 	at com.atguigu.lease.web.app.custom.interceptor.AuthenticationInterceptor.preHandle(AuthenticationInterceptor.java:19)
lease-web-app  | 	at org.springframework.web.servlet.HandlerExecutionChain.applyPreHandle(HandlerExecutionChain.java:146)
lease-web-app  | 	at org.springframework.web.servlet.DispatcherServlet.doDispatch(DispatcherServlet.java:1076)
lease-web-app  | 	at org.springframework.web.servlet.DispatcherServlet.doService(DispatcherServlet.java:974)
lease-web-app  | 	at org.springframework.web.servlet.FrameworkServlet.processRequest(FrameworkServlet.java:1011)
lease-web-app  | 	at org.springframework.web.servlet.FrameworkServlet.doGet(FrameworkServlet.java:903)
lease-web-app  | 	at jakarta.servlet.http.HttpServlet.service(HttpServlet.java:537)
lease-web-app  | 	at org.springframework.web.servlet.FrameworkServlet.service(FrameworkServlet.java:885)
lease-web-app  | 	at jakarta.servlet.http.HttpServlet.service(HttpServlet.java:631)
lease-web-app  | 	at org.apache.catalina.core.ApplicationFilterChain.internalDoFilter(ApplicationFilterChain.java:205)
lease-web-app  | 	at org.apache.catalina.core.ApplicationFilterChain.doFilter(ApplicationFilterChain.java:149)
lease-web-app  | 	at org.apache.tomcat.websocket.server.WsFilter.doFilter(WsFilter.java:53)
lease-web-app  | 	at org.apache.catalina.core.ApplicationFilterChain.internalDoFilter(ApplicationFilterChain.java:174)
lease-web-app  | 	at org.apache.catalina.core.ApplicationFilterChain.doFilter(ApplicationFilterChain.java:149)
lease-web-app  | 	at org.springframework.web.filter.RequestContextFilter.doFilterInternal(RequestContextFilter.java:100)
lease-web-app  | 	at org.springframework.web.filter.OncePerRequestFilter.doFilter(OncePerRequestFilter.java:116)
lease-web-app  | 	at org.apache.catalina.core.ApplicationFilterChain.internalDoFilter(ApplicationFilterChain.java:174)
lease-web-app  | 	at org.apache.catalina.core.ApplicationFilterChain.doFilter(ApplicationFilterChain.java:149)
lease-web-app  | 	at org.springframework.web.filter.FormContentFilter.doFilterInternal(FormContentFilter.java:93)
lease-web-app  | 	at org.springframework.web.filter.OncePerRequestFilter.doFilter(OncePerRequestFilter.java:116)
lease-web-app  | 	at org.apache.catalina.core.ApplicationFilterChain.internalDoFilter(ApplicationFilterChain.java:174)
lease-web-app  | 	at org.apache.catalina.core.ApplicationFilterChain.doFilter(ApplicationFilterChain.java:149)
lease-web-app  | 	at org.springframework.web.filter.CharacterEncodingFilter.doFilterInternal(CharacterEncodingFilter.java:201)
lease-web-app  | 	at org.springframework.web.filter.OncePerRequestFilter.doFilter(OncePerRequestFilter.java:116)
lease-web-app  | 	at org.apache.catalina.core.ApplicationFilterChain.internalDoFilter(ApplicationFilterChain.java:174)
lease-web-app  | 	at org.apache.catalina.core.ApplicationFilterChain.doFilter(ApplicationFilterChain.java:149)
lease-web-app  | 	at org.apache.catalina.core.StandardWrapperValve.invoke(StandardWrapperValve.java:166)
lease-web-app  | 	at org.apache.catalina.core.StandardContextValve.invoke(StandardContextValve.java:90)
lease-web-app  | 	at org.apache.catalina.authenticator.AuthenticatorBase.invoke(AuthenticatorBase.java:493)
lease-web-app  | 	at org.apache.catalina.core.StandardHostValve.invoke(StandardHostValve.java:115)
lease-web-app  | 	at org.apache.catalina.valves.ErrorReportValve.invoke(ErrorReportValve.java:93)
lease-web-app  | 	at org.apache.catalina.core.StandardEngineValve.invoke(StandardEngineValve.java:74)
lease-web-app  | 	at org.apache.catalina.connector.CoyoteAdapter.service(CoyoteAdapter.java:341)
lease-web-app  | 	at org.apache.coyote.http11.Http11Processor.service(Http11Processor.java:390)
lease-web-app  | 	at org.apache.coyote.AbstractProcessorLight.process(AbstractProcessorLight.java:63)
lease-web-app  | 	at org.apache.coyote.AbstractProtocol$ConnectionHandler.process(AbstractProtocol.java:894)
lease-web-app  | 	at org.apache.tomcat.util.net.NioEndpoint$SocketProcessor.doRun(NioEndpoint.java:1741)
lease-web-app  | 	at org.apache.tomcat.util.net.SocketProcessorBase.run(SocketProcessorBase.java:52)
lease-web-app  | 	at org.apache.tomcat.util.threads.ThreadPoolExecutor.runWorker(ThreadPoolExecutor.java:1191)
lease-web-app  | 	at org.apache.tomcat.util.threads.ThreadPoolExecutor$Worker.run(ThreadPoolExecutor.java:659)
lease-web-app  | 	at org.apache.tomcat.util.threads.TaskThread$WrappingRunnable.run(TaskThread.java:61)
lease-web-app  | 	at java.base/java.lang.Thread.run(Thread.java:831)
lease-web-app  | LeaseException(code=305)
lease-web-app  | 	at com.atguigu.lease.common.utils.JwtUtil.parseToken(JwtUtil.java:30)
lease-web-app  | 	at com.atguigu.lease.web.app.custom.interceptor.AuthenticationInterceptor.preHandle(AuthenticationInterceptor.java:19)
lease-web-app  | 	at org.springframework.web.servlet.HandlerExecutionChain.applyPreHandle(HandlerExecutionChain.java:146)
lease-web-app  | 	at org.springframework.web.servlet.DispatcherServlet.doDispatch(DispatcherServlet.java:1076)
lease-web-app  | 	at org.springframework.web.servlet.DispatcherServlet.doService(DispatcherServlet.java:974)
lease-web-app  | 	at org.springframework.web.servlet.FrameworkServlet.processRequest(FrameworkServlet.java:1011)
lease-web-app  | 	at org.springframework.web.servlet.FrameworkServlet.doGet(FrameworkServlet.java:903)
lease-web-app  | 	at jakarta.servlet.http.HttpServlet.service(HttpServlet.java:537)
lease-web-app  | 	at org.springframework.web.servlet.FrameworkServlet.service(FrameworkServlet.java:885)
lease-web-app  | 	at jakarta.servlet.http.HttpServlet.service(HttpServlet.java:631)
lease-web-app  | 	at org.apache.catalina.core.ApplicationFilterChain.internalDoFilter(ApplicationFilterChain.java:205)
lease-web-app  | 	at org.apache.catalina.core.ApplicationFilterChain.doFilter(ApplicationFilterChain.java:149)
lease-web-app  | 	at org.apache.tomcat.websocket.server.WsFilter.doFilter(WsFilter.java:53)
lease-web-app  | 	at org.apache.catalina.core.ApplicationFilterChain.internalDoFilter(ApplicationFilterChain.java:174)
lease-web-app  | 	at org.apache.catalina.core.ApplicationFilterChain.doFilter(ApplicationFilterChain.java:149)
lease-web-app  | 	at org.springframework.web.filter.RequestContextFilter.doFilterInternal(RequestContextFilter.java:100)
lease-web-app  | 	at org.springframework.web.filter.OncePerRequestFilter.doFilter(OncePerRequestFilter.java:116)
lease-web-app  | 	at org.apache.catalina.core.ApplicationFilterChain.internalDoFilter(ApplicationFilterChain.java:174)
lease-web-app  | 	at org.apache.catalina.core.ApplicationFilterChain.doFilter(ApplicationFilterChain.java:149)
lease-web-app  | 	at org.springframework.web.filter.FormContentFilter.doFilterInternal(FormContentFilter.java:93)
lease-web-app  | 	at org.springframework.web.filter.OncePerRequestFilter.doFilter(OncePerRequestFilter.java:116)
lease-web-app  | 	at org.apache.catalina.core.ApplicationFilterChain.internalDoFilter(ApplicationFilterChain.java:174)
lease-web-app  | 	at org.apache.catalina.core.ApplicationFilterChain.doFilter(ApplicationFilterChain.java:149)
lease-web-app  | 	at org.springframework.web.filter.CharacterEncodingFilter.doFilterInternal(CharacterEncodingFilter.java:201)
lease-web-app  | 	at org.springframework.web.filter.OncePerRequestFilter.doFilter(OncePerRequestFilter.java:116)
lease-web-app  | 	at org.apache.catalina.core.ApplicationFilterChain.internalDoFilter(ApplicationFilterChain.java:174)
lease-web-app  | 	at org.apache.catalina.core.ApplicationFilterChain.doFilter(ApplicationFilterChain.java:149)
lease-web-app  | 	at org.apache.catalina.core.StandardWrapperValve.invoke(StandardWrapperValve.java:166)
lease-web-app  | 	at org.apache.catalina.core.StandardContextValve.invoke(StandardContextValve.java:90)
lease-web-app  | 	at org.apache.catalina.authenticator.AuthenticatorBase.invoke(AuthenticatorBase.java:493)
lease-web-app  | 	at org.apache.catalina.core.StandardHostValve.invoke(StandardHostValve.java:115)
lease-web-app  | 	at org.apache.catalina.valves.ErrorReportValve.invoke(ErrorReportValve.java:93)
lease-web-app  | 	at org.apache.catalina.core.StandardEngineValve.invoke(StandardEngineValve.java:74)
lease-web-app  | 	at org.apache.catalina.connector.CoyoteAdapter.service(CoyoteAdapter.java:341)
lease-web-app  | 	at org.apache.coyote.http11.Http11Processor.service(Http11Processor.java:390)
lease-web-app  | 	at org.apache.coyote.AbstractProcessorLight.process(AbstractProcessorLight.java:63)
lease-web-app  | 	at org.apache.coyote.AbstractProtocol$ConnectionHandler.process(AbstractProtocol.java:894)
lease-web-app  | 	at org.apache.tomcat.util.net.NioEndpoint$SocketProcessor.doRun(NioEndpoint.java:1741)
lease-web-app  | 	at org.apache.tomcat.util.net.SocketProcessorBase.run(SocketProcessorBase.java:52)
lease-web-app  | 	at org.apache.tomcat.util.threads.ThreadPoolExecutor.runWorker(ThreadPoolExecutor.java:1191)
lease-web-app  | 	at org.apache.tomcat.util.threads.ThreadPoolExecutor$Worker.run(ThreadPoolExecutor.java:659)
lease-web-app  | 	at org.apache.tomcat.util.threads.TaskThread$WrappingRunnable.run(TaskThread.java:61)
lease-web-app  | 	at java.base/java.lang.Thread.run(Thread.java:831)
lease-web-app  | LeaseException(code=305)
lease-web-app  | 	at com.atguigu.lease.common.utils.JwtUtil.parseToken(JwtUtil.java:30)
lease-web-app  | 	at com.atguigu.lease.web.app.custom.interceptor.AuthenticationInterceptor.preHandle(AuthenticationInterceptor.java:19)
lease-web-app  | 	at org.springframework.web.servlet.HandlerExecutionChain.applyPreHandle(HandlerExecutionChain.java:146)
lease-web-app  | 	at org.springframework.web.servlet.DispatcherServlet.doDispatch(DispatcherServlet.java:1076)
lease-web-app  | 	at org.springframework.web.servlet.DispatcherServlet.doService(DispatcherServlet.java:974)
lease-web-app  | 	at org.springframework.web.servlet.FrameworkServlet.processRequest(FrameworkServlet.java:1011)
lease-web-app  | 	at org.springframework.web.servlet.FrameworkServlet.doGet(FrameworkServlet.java:903)
lease-web-app  | 	at jakarta.servlet.http.HttpServlet.service(HttpServlet.java:537)
lease-web-app  | 	at org.springframework.web.servlet.FrameworkServlet.service(FrameworkServlet.java:885)
lease-web-app  | 	at jakarta.servlet.http.HttpServlet.service(HttpServlet.java:631)
lease-web-app  | 	at org.apache.catalina.core.ApplicationFilterChain.internalDoFilter(ApplicationFilterChain.java:205)
lease-web-app  | 	at org.apache.catalina.core.ApplicationFilterChain.doFilter(ApplicationFilterChain.java:149)
lease-web-app  | 	at org.apache.tomcat.websocket.server.WsFilter.doFilter(WsFilter.java:53)
lease-web-app  | 	at org.apache.catalina.core.ApplicationFilterChain.internalDoFilter(ApplicationFilterChain.java:174)
lease-web-app  | 	at org.apache.catalina.core.ApplicationFilterChain.doFilter(ApplicationFilterChain.java:149)
lease-web-app  | 	at org.springframework.web.filter.RequestContextFilter.doFilterInternal(RequestContextFilter.java:100)
lease-web-app  | 	at org.springframework.web.filter.OncePerRequestFilter.doFilter(OncePerRequestFilter.java:116)
lease-web-app  | 	at org.apache.catalina.core.ApplicationFilterChain.internalDoFilter(ApplicationFilterChain.java:174)
lease-web-app  | 	at org.apache.catalina.core.ApplicationFilterChain.doFilter(ApplicationFilterChain.java:149)
lease-web-app  | 	at org.springframework.web.filter.FormContentFilter.doFilterInternal(FormContentFilter.java:93)
lease-web-app  | 	at org.springframework.web.filter.OncePerRequestFilter.doFilter(OncePerRequestFilter.java:116)
lease-web-app  | 	at org.apache.catalina.core.ApplicationFilterChain.internalDoFilter(ApplicationFilterChain.java:174)
lease-web-app  | 	at org.apache.catalina.core.ApplicationFilterChain.doFilter(ApplicationFilterChain.java:149)
lease-web-app  | 	at org.springframework.web.filter.CharacterEncodingFilter.doFilterInternal(CharacterEncodingFilter.java:201)
lease-web-app  | 	at org.springframework.web.filter.OncePerRequestFilter.doFilter(OncePerRequestFilter.java:116)
lease-web-app  | 	at org.apache.catalina.core.ApplicationFilterChain.internalDoFilter(ApplicationFilterChain.java:174)
lease-web-app  | 	at org.apache.catalina.core.ApplicationFilterChain.doFilter(ApplicationFilterChain.java:149)
lease-web-app  | 	at org.apache.catalina.core.StandardWrapperValve.invoke(StandardWrapperValve.java:166)
lease-web-app  | 	at org.apache.catalina.core.StandardContextValve.invoke(StandardContextValve.java:90)
lease-web-app  | 	at org.apache.catalina.authenticator.AuthenticatorBase.invoke(AuthenticatorBase.java:493)
lease-web-app  | 	at org.apache.catalina.core.StandardHostValve.invoke(StandardHostValve.java:115)
lease-web-app  | 	at org.apache.catalina.valves.ErrorReportValve.invoke(ErrorReportValve.java:93)
lease-web-app  | 	at org.apache.catalina.core.StandardEngineValve.invoke(StandardEngineValve.java:74)
lease-web-app  | 	at org.apache.catalina.connector.CoyoteAdapter.service(CoyoteAdapter.java:341)
lease-web-app  | 	at org.apache.coyote.http11.Http11Processor.service(Http11Processor.java:390)
lease-web-app  | 	at org.apache.coyote.AbstractProcessorLight.process(AbstractProcessorLight.java:63)
lease-web-app  | 	at org.apache.coyote.AbstractProtocol$ConnectionHandler.process(AbstractProtocol.java:894)
lease-web-app  | 	at org.apache.tomcat.util.net.NioEndpoint$SocketProcessor.doRun(NioEndpoint.java:1741)
lease-web-app  | 	at org.apache.tomcat.util.net.SocketProcessorBase.run(SocketProcessorBase.java:52)
lease-web-app  | 	at org.apache.tomcat.util.threads.ThreadPoolExecutor.runWorker(ThreadPoolExecutor.java:1191)
lease-web-app  | 	at org.apache.tomcat.util.threads.ThreadPoolExecutor$Worker.run(ThreadPoolExecutor.java:659)
lease-web-app  | 	at org.apache.tomcat.util.threads.TaskThread$WrappingRunnable.run(TaskThread.java:61)
lease-web-app  | 	at java.base/java.lang.Thread.run(Thread.java:831)
lease-web-app  | Creating a new SqlSession
lease-web-app  | SqlSession [org.apache.ibatis.session.defaults.DefaultSqlSession@7b91e12d] was not registered for synchronization because synchronization is not active
lease-web-app  | 2025-06-18 13:39:17.954 [http-nio-8081-exec-6] INFO  com.zaxxer.hikari.HikariDataSource - SPHHikariPool - Starting...
lease-web-app  | 2025-06-18 13:39:18.653 [http-nio-8081-exec-6] INFO  com.zaxxer.hikari.pool.HikariPool - SPHHikariPool - Added connection com.mysql.cj.jdbc.ConnectionImpl@2f338041
lease-web-app  | 2025-06-18 13:39:18.660 [http-nio-8081-exec-6] INFO  com.zaxxer.hikari.HikariDataSource - SPHHikariPool - Start completed.
lease-web-app  | JDBC Connection [HikariProxyConnection@1205761975 wrapping com.mysql.cj.jdbc.ConnectionImpl@2f338041] will not be managed by Spring
lease-web-app  | ==>  Preparing: select id, phone, email, password, avatar_url, nickname, status, create_time, update_time, is_deleted from user_info where is_deleted = 0 and (email = ? or phone = ?)
lease-web-app  | ==> Parameters: 13812345678(String), 13812345678(String)
lease-web-app  | Closing non transactional SqlSession [org.apache.ibatis.session.defaults.DefaultSqlSession@7b91e12d]
lease-web-app  | org.springframework.jdbc.BadSqlGrammarException: 
lease-web-app  | ### Error querying database.  Cause: java.sql.SQLSyntaxErrorException: Table 'lease.user_info' doesn't exist
lease-web-app  | ### The error may exist in URL [jar:file:/app/app.jar!/BOOT-INF/classes!/mapper/UserInfoMapper.xml]
lease-web-app  | ### The error may involve defaultParameterMap
lease-web-app  | ### The error occurred while setting parameters
lease-web-app  | ### SQL: select id,                phone,                email,                password,                avatar_url,                nickname,                status,                create_time,                update_time,                is_deleted         from user_info         where is_deleted = 0           and (email = ? or phone = ?)
lease-web-app  | ### Cause: java.sql.SQLSyntaxErrorException: Table 'lease.user_info' doesn't exist
lease-web-app  | ; bad SQL grammar []
lease-web-app  | 	at org.springframework.jdbc.support.SQLErrorCodeSQLExceptionTranslator.doTranslate(SQLErrorCodeSQLExceptionTranslator.java:243)
lease-web-app  | 	at org.springframework.jdbc.support.AbstractFallbackSQLExceptionTranslator.translate(AbstractFallbackSQLExceptionTranslator.java:70)
lease-web-app  | 	at org.mybatis.spring.MyBatisExceptionTranslator.translateExceptionIfPossible(MyBatisExceptionTranslator.java:91)
lease-web-app  | 	at org.mybatis.spring.SqlSessionTemplate$SqlSessionInterceptor.invoke(SqlSessionTemplate.java:441)
lease-web-app  | 	at jdk.proxy2/jdk.proxy2.$Proxy94.selectOne(Unknown Source)
lease-web-app  | 	at org.mybatis.spring.SqlSessionTemplate.selectOne(SqlSessionTemplate.java:160)
lease-web-app  | 	at com.baomidou.mybatisplus.core.override.MybatisMapperMethod.execute(MybatisMapperMethod.java:89)
lease-web-app  | 	at com.baomidou.mybatisplus.core.override.MybatisMapperProxy$PlainMethodInvoker.invoke(MybatisMapperProxy.java:148)
lease-web-app  | 	at com.baomidou.mybatisplus.core.override.MybatisMapperProxy.invoke(MybatisMapperProxy.java:89)
lease-web-app  | 	at jdk.proxy2/jdk.proxy2.$Proxy108.selectOneByAccount(Unknown Source)
lease-web-app  | 	at com.atguigu.lease.web.app.service.impl.LoginServiceImpl.loginWithPassword(LoginServiceImpl.java:152)
lease-web-app  | 	at com.atguigu.lease.web.app.controller.login.LoginController.loginWithPassword(LoginController.java:47)
lease-web-app  | 	at java.base/jdk.internal.reflect.NativeMethodAccessorImpl.invoke0(Native Method)
lease-web-app  | 	at java.base/jdk.internal.reflect.NativeMethodAccessorImpl.invoke(NativeMethodAccessorImpl.java:78)
lease-web-app  | 	at java.base/jdk.internal.reflect.DelegatingMethodAccessorImpl.invoke(DelegatingMethodAccessorImpl.java:43)
lease-web-app  | 	at java.base/java.lang.reflect.Method.invoke(Method.java:568)
lease-web-app  | 	at org.springframework.web.method.support.InvocableHandlerMethod.doInvoke(InvocableHandlerMethod.java:207)
lease-web-app  | 	at org.springframework.web.method.support.InvocableHandlerMethod.invokeForRequest(InvocableHandlerMethod.java:152)
lease-web-app  | 	at org.springframework.web.servlet.mvc.method.annotation.ServletInvocableHandlerMethod.invokeAndHandle(ServletInvocableHandlerMethod.java:118)
lease-web-app  | 	at org.springframework.web.servlet.mvc.method.annotation.RequestMappingHandlerAdapter.invokeHandlerMethod(RequestMappingHandlerAdapter.java:884)
lease-web-app  | 	at org.springframework.web.servlet.mvc.method.annotation.RequestMappingHandlerAdapter.handleInternal(RequestMappingHandlerAdapter.java:797)
lease-web-app  | 	at org.springframework.web.servlet.mvc.method.AbstractHandlerMethodAdapter.handle(AbstractHandlerMethodAdapter.java:87)
lease-web-app  | 	at org.springframework.web.servlet.DispatcherServlet.doDispatch(DispatcherServlet.java:1081)
lease-web-app  | 	at org.springframework.web.servlet.DispatcherServlet.doService(DispatcherServlet.java:974)
lease-web-app  | 	at org.springframework.web.servlet.FrameworkServlet.processRequest(FrameworkServlet.java:1011)
lease-web-app  | 	at org.springframework.web.servlet.FrameworkServlet.doPost(FrameworkServlet.java:914)
lease-web-app  | 	at jakarta.servlet.http.HttpServlet.service(HttpServlet.java:563)
lease-web-app  | 	at org.springframework.web.servlet.FrameworkServlet.service(FrameworkServlet.java:885)
lease-web-app  | 	at jakarta.servlet.http.HttpServlet.service(HttpServlet.java:631)
lease-web-app  | 	at org.apache.catalina.core.ApplicationFilterChain.internalDoFilter(ApplicationFilterChain.java:205)
lease-web-app  | 	at org.apache.catalina.core.ApplicationFilterChain.doFilter(ApplicationFilterChain.java:149)
lease-web-app  | 	at org.apache.tomcat.websocket.server.WsFilter.doFilter(WsFilter.java:53)
lease-web-app  | 	at org.apache.catalina.core.ApplicationFilterChain.internalDoFilter(ApplicationFilterChain.java:174)
lease-web-app  | 	at org.apache.catalina.core.ApplicationFilterChain.doFilter(ApplicationFilterChain.java:149)
lease-web-app  | 	at org.springframework.web.filter.RequestContextFilter.doFilterInternal(RequestContextFilter.java:100)
lease-web-app  | 	at org.springframework.web.filter.OncePerRequestFilter.doFilter(OncePerRequestFilter.java:116)
lease-web-app  | 	at org.apache.catalina.core.ApplicationFilterChain.internalDoFilter(ApplicationFilterChain.java:174)
lease-web-app  | 	at org.apache.catalina.core.ApplicationFilterChain.doFilter(ApplicationFilterChain.java:149)
lease-web-app  | 	at org.springframework.web.filter.FormContentFilter.doFilterInternal(FormContentFilter.java:93)
lease-web-app  | 	at org.springframework.web.filter.OncePerRequestFilter.doFilter(OncePerRequestFilter.java:116)
lease-web-app  | 	at org.apache.catalina.core.ApplicationFilterChain.internalDoFilter(ApplicationFilterChain.java:174)
lease-web-app  | 	at org.apache.catalina.core.ApplicationFilterChain.doFilter(ApplicationFilterChain.java:149)
lease-web-app  | 	at org.springframework.web.filter.CharacterEncodingFilter.doFilterInternal(CharacterEncodingFilter.java:201)
lease-web-app  | 	at org.springframework.web.filter.OncePerRequestFilter.doFilter(OncePerRequestFilter.java:116)
lease-web-app  | 	at org.apache.catalina.core.ApplicationFilterChain.internalDoFilter(ApplicationFilterChain.java:174)
lease-web-app  | 	at org.apache.catalina.core.ApplicationFilterChain.doFilter(ApplicationFilterChain.java:149)
lease-web-app  | 	at org.apache.catalina.core.StandardWrapperValve.invoke(StandardWrapperValve.java:166)
lease-web-app  | 	at org.apache.catalina.core.StandardContextValve.invoke(StandardContextValve.java:90)
lease-web-app  | 	at org.apache.catalina.authenticator.AuthenticatorBase.invoke(AuthenticatorBase.java:493)
lease-web-app  | 	at org.apache.catalina.core.StandardHostValve.invoke(StandardHostValve.java:115)
lease-web-app  | 	at org.apache.catalina.valves.ErrorReportValve.invoke(ErrorReportValve.java:93)
lease-web-app  | 	at org.apache.catalina.core.StandardEngineValve.invoke(StandardEngineValve.java:74)
lease-web-app  | 	at org.apache.catalina.connector.CoyoteAdapter.service(CoyoteAdapter.java:341)
lease-web-app  | 	at org.apache.coyote.http11.Http11Processor.service(Http11Processor.java:390)
lease-web-app  | 	at org.apache.coyote.AbstractProcessorLight.process(AbstractProcessorLight.java:63)
lease-web-app  | 	at org.apache.coyote.AbstractProtocol$ConnectionHandler.process(AbstractProtocol.java:894)
lease-web-app  | 	at org.apache.tomcat.util.net.NioEndpoint$SocketProcessor.doRun(NioEndpoint.java:1741)
lease-web-app  | 	at org.apache.tomcat.util.net.SocketProcessorBase.run(SocketProcessorBase.java:52)
lease-web-app  | 	at org.apache.tomcat.util.threads.ThreadPoolExecutor.runWorker(ThreadPoolExecutor.java:1191)
lease-web-app  | 	at org.apache.tomcat.util.threads.ThreadPoolExecutor$Worker.run(ThreadPoolExecutor.java:659)
lease-web-app  | 	at org.apache.tomcat.util.threads.TaskThread$WrappingRunnable.run(TaskThread.java:61)
lease-web-app  | 	at java.base/java.lang.Thread.run(Thread.java:831)
lease-web-app  | Caused by: java.sql.SQLSyntaxErrorException: Table 'lease.user_info' doesn't exist
lease-web-app  | 	at com.mysql.cj.jdbc.exceptions.SQLError.createSQLException(SQLError.java:120)
lease-web-app  | 	at com.mysql.cj.jdbc.exceptions.SQLExceptionsMapping.translateException(SQLExceptionsMapping.java:122)
lease-web-app  | 	at com.mysql.cj.jdbc.ClientPreparedStatement.executeInternal(ClientPreparedStatement.java:916)
lease-web-app  | 	at com.mysql.cj.jdbc.ClientPreparedStatement.execute(ClientPreparedStatement.java:354)
lease-web-app  | 	at com.zaxxer.hikari.pool.ProxyPreparedStatement.execute(ProxyPreparedStatement.java:44)
lease-web-app  | 	at com.zaxxer.hikari.pool.HikariProxyPreparedStatement.execute(HikariProxyPreparedStatement.java)
lease-web-app  | 	at java.base/jdk.internal.reflect.NativeMethodAccessorImpl.invoke0(Native Method)
lease-web-app  | 	at java.base/jdk.internal.reflect.NativeMethodAccessorImpl.invoke(NativeMethodAccessorImpl.java:78)
lease-web-app  | 	at java.base/jdk.internal.reflect.DelegatingMethodAccessorImpl.invoke(DelegatingMethodAccessorImpl.java:43)
lease-web-app  | 	at java.base/java.lang.reflect.Method.invoke(Method.java:568)
lease-web-app  | 	at org.apache.ibatis.logging.jdbc.PreparedStatementLogger.invoke(PreparedStatementLogger.java:59)
lease-web-app  | 	at jdk.proxy3/jdk.proxy3.$Proxy154.execute(Unknown Source)
lease-web-app  | 	at org.apache.ibatis.executor.statement.PreparedStatementHandler.query(PreparedStatementHandler.java:64)
lease-web-app  | 	at org.apache.ibatis.executor.statement.RoutingStatementHandler.query(RoutingStatementHandler.java:79)
lease-web-app  | 	at java.base/jdk.internal.reflect.NativeMethodAccessorImpl.invoke0(Native Method)
lease-web-app  | 	at java.base/jdk.internal.reflect.NativeMethodAccessorImpl.invoke(NativeMethodAccessorImpl.java:78)
lease-web-app  | 	at java.base/jdk.internal.reflect.DelegatingMethodAccessorImpl.invoke(DelegatingMethodAccessorImpl.java:43)
lease-web-app  | 	at java.base/java.lang.reflect.Method.invoke(Method.java:568)
lease-web-app  | 	at org.apache.ibatis.plugin.Plugin.invoke(Plugin.java:64)
lease-web-app  | 	at jdk.proxy2/jdk.proxy2.$Proxy152.query(Unknown Source)
lease-web-app  | 	at org.apache.ibatis.executor.SimpleExecutor.doQuery(SimpleExecutor.java:63)
lease-web-app  | 	at org.apache.ibatis.executor.BaseExecutor.queryFromDatabase(BaseExecutor.java:325)
lease-web-app  | 	at org.apache.ibatis.executor.BaseExecutor.query(BaseExecutor.java:156)
lease-web-app  | 	at org.apache.ibatis.executor.CachingExecutor.query(CachingExecutor.java:109)
lease-web-app  | 	at com.baomidou.mybatisplus.extension.plugins.MybatisPlusInterceptor.intercept(MybatisPlusInterceptor.java:81)
lease-web-app  | 	at org.apache.ibatis.plugin.Plugin.invoke(Plugin.java:62)
lease-web-app  | 	at jdk.proxy2/jdk.proxy2.$Proxy151.query(Unknown Source)
lease-web-app  | 	at org.apache.ibatis.session.defaults.DefaultSqlSession.selectList(DefaultSqlSession.java:151)
lease-web-app  | 	at org.apache.ibatis.session.defaults.DefaultSqlSession.selectList(DefaultSqlSession.java:145)
lease-web-app  | 	at org.apache.ibatis.session.defaults.DefaultSqlSession.selectList(DefaultSqlSession.java:140)
lease-web-app  | 	at org.apache.ibatis.session.defaults.DefaultSqlSession.selectOne(DefaultSqlSession.java:76)
lease-web-app  | 	at java.base/jdk.internal.reflect.NativeMethodAccessorImpl.invoke0(Native Method)
lease-web-app  | 	at java.base/jdk.internal.reflect.NativeMethodAccessorImpl.invoke(NativeMethodAccessorImpl.java:78)
lease-web-app  | 	at java.base/jdk.internal.reflect.DelegatingMethodAccessorImpl.invoke(DelegatingMethodAccessorImpl.java:43)
lease-web-app  | 	at java.base/java.lang.reflect.Method.invoke(Method.java:568)
lease-web-app  | 	at org.mybatis.spring.SqlSessionTemplate$SqlSessionInterceptor.invoke(SqlSessionTemplate.java:427)
lease-web-app  | 	... 58 more
lease-web-app  | Creating a new SqlSession
lease-web-app  | SqlSession [org.apache.ibatis.session.defaults.DefaultSqlSession@7a1b9b3d] was not registered for synchronization because synchronization is not active
lease-web-app  | JDBC Connection [HikariProxyConnection@1893986381 wrapping com.mysql.cj.jdbc.ConnectionImpl@2f338041] will not be managed by Spring
lease-web-app  | ==>  Preparing: select id, phone, email, password, avatar_url, nickname, status, create_time, update_time, is_deleted from user_info where is_deleted = 0 and (email = ? or phone = ?)
lease-web-app  | ==> Parameters: 13312345678(String), 13312345678(String)
lease-web-app  | Closing non transactional SqlSession [org.apache.ibatis.session.defaults.DefaultSqlSession@7a1b9b3d]
lease-web-app  | org.springframework.jdbc.BadSqlGrammarException: 
lease-web-app  | ### Error querying database.  Cause: java.sql.SQLSyntaxErrorException: Table 'lease.user_info' doesn't exist
lease-web-app  | ### The error may exist in URL [jar:file:/app/app.jar!/BOOT-INF/classes!/mapper/UserInfoMapper.xml]
lease-web-app  | ### The error may involve defaultParameterMap
lease-web-app  | ### The error occurred while setting parameters
lease-web-app  | ### SQL: select id,                phone,                email,                password,                avatar_url,                nickname,                status,                create_time,                update_time,                is_deleted         from user_info         where is_deleted = 0           and (email = ? or phone = ?)
lease-web-app  | ### Cause: java.sql.SQLSyntaxErrorException: Table 'lease.user_info' doesn't exist
lease-web-app  | ; bad SQL grammar []
lease-web-app  | 	at org.springframework.jdbc.support.SQLErrorCodeSQLExceptionTranslator.doTranslate(SQLErrorCodeSQLExceptionTranslator.java:243)
lease-web-app  | 	at org.springframework.jdbc.support.AbstractFallbackSQLExceptionTranslator.translate(AbstractFallbackSQLExceptionTranslator.java:70)
lease-web-app  | 	at org.mybatis.spring.MyBatisExceptionTranslator.translateExceptionIfPossible(MyBatisExceptionTranslator.java:91)
lease-web-app  | 	at org.mybatis.spring.SqlSessionTemplate$SqlSessionInterceptor.invoke(SqlSessionTemplate.java:441)
lease-web-app  | 	at jdk.proxy2/jdk.proxy2.$Proxy94.selectOne(Unknown Source)
lease-web-app  | 	at org.mybatis.spring.SqlSessionTemplate.selectOne(SqlSessionTemplate.java:160)
lease-web-app  | 	at com.baomidou.mybatisplus.core.override.MybatisMapperMethod.execute(MybatisMapperMethod.java:89)
lease-web-app  | 	at com.baomidou.mybatisplus.core.override.MybatisMapperProxy$PlainMethodInvoker.invoke(MybatisMapperProxy.java:148)
lease-web-app  | 	at com.baomidou.mybatisplus.core.override.MybatisMapperProxy.invoke(MybatisMapperProxy.java:89)
lease-web-app  | 	at jdk.proxy2/jdk.proxy2.$Proxy108.selectOneByAccount(Unknown Source)
lease-web-app  | 	at com.atguigu.lease.web.app.service.impl.LoginServiceImpl.loginWithPassword(LoginServiceImpl.java:152)
lease-web-app  | 	at com.atguigu.lease.web.app.controller.login.LoginController.loginWithPassword(LoginController.java:47)
lease-web-app  | 	at java.base/jdk.internal.reflect.NativeMethodAccessorImpl.invoke0(Native Method)
lease-web-app  | 	at java.base/jdk.internal.reflect.NativeMethodAccessorImpl.invoke(NativeMethodAccessorImpl.java:78)
lease-web-app  | 	at java.base/jdk.internal.reflect.DelegatingMethodAccessorImpl.invoke(DelegatingMethodAccessorImpl.java:43)
lease-web-app  | 	at java.base/java.lang.reflect.Method.invoke(Method.java:568)
lease-web-app  | 	at org.springframework.web.method.support.InvocableHandlerMethod.doInvoke(InvocableHandlerMethod.java:207)
lease-web-app  | 	at org.springframework.web.method.support.InvocableHandlerMethod.invokeForRequest(InvocableHandlerMethod.java:152)
lease-web-app  | 	at org.springframework.web.servlet.mvc.method.annotation.ServletInvocableHandlerMethod.invokeAndHandle(ServletInvocableHandlerMethod.java:118)
lease-web-app  | 	at org.springframework.web.servlet.mvc.method.annotation.RequestMappingHandlerAdapter.invokeHandlerMethod(RequestMappingHandlerAdapter.java:884)
lease-web-app  | 	at org.springframework.web.servlet.mvc.method.annotation.RequestMappingHandlerAdapter.handleInternal(RequestMappingHandlerAdapter.java:797)
lease-web-app  | 	at org.springframework.web.servlet.mvc.method.AbstractHandlerMethodAdapter.handle(AbstractHandlerMethodAdapter.java:87)
lease-web-app  | 	at org.springframework.web.servlet.DispatcherServlet.doDispatch(DispatcherServlet.java:1081)
lease-web-app  | 	at org.springframework.web.servlet.DispatcherServlet.doService(DispatcherServlet.java:974)
lease-web-app  | 	at org.springframework.web.servlet.FrameworkServlet.processRequest(FrameworkServlet.java:1011)
lease-web-app  | 	at org.springframework.web.servlet.FrameworkServlet.doPost(FrameworkServlet.java:914)
lease-web-app  | 	at jakarta.servlet.http.HttpServlet.service(HttpServlet.java:563)
lease-web-app  | 	at org.springframework.web.servlet.FrameworkServlet.service(FrameworkServlet.java:885)
lease-web-app  | 	at jakarta.servlet.http.HttpServlet.service(HttpServlet.java:631)
lease-web-app  | 	at org.apache.catalina.core.ApplicationFilterChain.internalDoFilter(ApplicationFilterChain.java:205)
lease-web-app  | 	at org.apache.catalina.core.ApplicationFilterChain.doFilter(ApplicationFilterChain.java:149)
lease-web-app  | 	at org.apache.tomcat.websocket.server.WsFilter.doFilter(WsFilter.java:53)
lease-web-app  | 	at org.apache.catalina.core.ApplicationFilterChain.internalDoFilter(ApplicationFilterChain.java:174)
lease-web-app  | 	at org.apache.catalina.core.ApplicationFilterChain.doFilter(ApplicationFilterChain.java:149)
lease-web-app  | 	at org.springframework.web.filter.RequestContextFilter.doFilterInternal(RequestContextFilter.java:100)
lease-web-app  | 	at org.springframework.web.filter.OncePerRequestFilter.doFilter(OncePerRequestFilter.java:116)
lease-web-app  | 	at org.apache.catalina.core.ApplicationFilterChain.internalDoFilter(ApplicationFilterChain.java:174)
lease-web-app  | 	at org.apache.catalina.core.ApplicationFilterChain.doFilter(ApplicationFilterChain.java:149)
lease-web-app  | 	at org.springframework.web.filter.FormContentFilter.doFilterInternal(FormContentFilter.java:93)
lease-web-app  | 	at org.springframework.web.filter.OncePerRequestFilter.doFilter(OncePerRequestFilter.java:116)
lease-web-app  | 	at org.apache.catalina.core.ApplicationFilterChain.internalDoFilter(ApplicationFilterChain.java:174)
lease-web-app  | 	at org.apache.catalina.core.ApplicationFilterChain.doFilter(ApplicationFilterChain.java:149)
lease-web-app  | 	at org.springframework.web.filter.CharacterEncodingFilter.doFilterInternal(CharacterEncodingFilter.java:201)
lease-web-app  | 	at org.springframework.web.filter.OncePerRequestFilter.doFilter(OncePerRequestFilter.java:116)
lease-web-app  | 	at org.apache.catalina.core.ApplicationFilterChain.internalDoFilter(ApplicationFilterChain.java:174)
lease-web-app  | 	at org.apache.catalina.core.ApplicationFilterChain.doFilter(ApplicationFilterChain.java:149)
lease-web-app  | 	at org.apache.catalina.core.StandardWrapperValve.invoke(StandardWrapperValve.java:166)
lease-web-app  | 	at org.apache.catalina.core.StandardContextValve.invoke(StandardContextValve.java:90)
lease-web-app  | 	at org.apache.catalina.authenticator.AuthenticatorBase.invoke(AuthenticatorBase.java:493)
lease-web-app  | 	at org.apache.catalina.core.StandardHostValve.invoke(StandardHostValve.java:115)
lease-web-app  | 	at org.apache.catalina.valves.ErrorReportValve.invoke(ErrorReportValve.java:93)
lease-web-app  | 	at org.apache.catalina.core.StandardEngineValve.invoke(StandardEngineValve.java:74)
lease-web-app  | 	at org.apache.catalina.connector.CoyoteAdapter.service(CoyoteAdapter.java:341)
lease-web-app  | 	at org.apache.coyote.http11.Http11Processor.service(Http11Processor.java:390)
lease-web-app  | 	at org.apache.coyote.AbstractProcessorLight.process(AbstractProcessorLight.java:63)
lease-web-app  | 	at org.apache.coyote.AbstractProtocol$ConnectionHandler.process(AbstractProtocol.java:894)
lease-web-app  | 	at org.apache.tomcat.util.net.NioEndpoint$SocketProcessor.doRun(NioEndpoint.java:1741)
lease-web-app  | 	at org.apache.tomcat.util.net.SocketProcessorBase.run(SocketProcessorBase.java:52)
lease-web-app  | 	at org.apache.tomcat.util.threads.ThreadPoolExecutor.runWorker(ThreadPoolExecutor.java:1191)
lease-web-app  | 	at org.apache.tomcat.util.threads.ThreadPoolExecutor$Worker.run(ThreadPoolExecutor.java:659)
lease-web-app  | 	at org.apache.tomcat.util.threads.TaskThread$WrappingRunnable.run(TaskThread.java:61)
lease-web-app  | 	at java.base/java.lang.Thread.run(Thread.java:831)
lease-web-app  | Caused by: java.sql.SQLSyntaxErrorException: Table 'lease.user_info' doesn't exist
lease-web-app  | 	at com.mysql.cj.jdbc.exceptions.SQLError.createSQLException(SQLError.java:120)
lease-web-app  | 	at com.mysql.cj.jdbc.exceptions.SQLExceptionsMapping.translateException(SQLExceptionsMapping.java:122)
lease-web-app  | 	at com.mysql.cj.jdbc.ClientPreparedStatement.executeInternal(ClientPreparedStatement.java:916)
lease-web-app  | 	at com.mysql.cj.jdbc.ClientPreparedStatement.execute(ClientPreparedStatement.java:354)
lease-web-app  | 	at com.zaxxer.hikari.pool.ProxyPreparedStatement.execute(ProxyPreparedStatement.java:44)
lease-web-app  | 	at com.zaxxer.hikari.pool.HikariProxyPreparedStatement.execute(HikariProxyPreparedStatement.java)
lease-web-app  | 	at java.base/jdk.internal.reflect.NativeMethodAccessorImpl.invoke0(Native Method)
lease-web-app  | 	at java.base/jdk.internal.reflect.NativeMethodAccessorImpl.invoke(NativeMethodAccessorImpl.java:78)
lease-web-app  | 	at java.base/jdk.internal.reflect.DelegatingMethodAccessorImpl.invoke(DelegatingMethodAccessorImpl.java:43)
lease-web-app  | 	at java.base/java.lang.reflect.Method.invoke(Method.java:568)
lease-web-app  | 	at org.apache.ibatis.logging.jdbc.PreparedStatementLogger.invoke(PreparedStatementLogger.java:59)
lease-web-app  | 	at jdk.proxy3/jdk.proxy3.$Proxy154.execute(Unknown Source)
lease-web-app  | 	at org.apache.ibatis.executor.statement.PreparedStatementHandler.query(PreparedStatementHandler.java:64)
lease-web-app  | 	at org.apache.ibatis.executor.statement.RoutingStatementHandler.query(RoutingStatementHandler.java:79)
lease-web-app  | 	at java.base/jdk.internal.reflect.NativeMethodAccessorImpl.invoke0(Native Method)
lease-web-app  | 	at java.base/jdk.internal.reflect.NativeMethodAccessorImpl.invoke(NativeMethodAccessorImpl.java:78)
lease-web-app  | 	at java.base/jdk.internal.reflect.DelegatingMethodAccessorImpl.invoke(DelegatingMethodAccessorImpl.java:43)
lease-web-app  | 	at java.base/java.lang.reflect.Method.invoke(Method.java:568)
lease-web-app  | 	at org.apache.ibatis.plugin.Plugin.invoke(Plugin.java:64)
lease-web-app  | 	at jdk.proxy2/jdk.proxy2.$Proxy152.query(Unknown Source)
lease-web-app  | 	at org.apache.ibatis.executor.SimpleExecutor.doQuery(SimpleExecutor.java:63)
lease-web-app  | 	at org.apache.ibatis.executor.BaseExecutor.queryFromDatabase(BaseExecutor.java:325)
lease-web-app  | 	at org.apache.ibatis.executor.BaseExecutor.query(BaseExecutor.java:156)
lease-web-app  | 	at org.apache.ibatis.executor.CachingExecutor.query(CachingExecutor.java:109)
lease-web-app  | 	at com.baomidou.mybatisplus.extension.plugins.MybatisPlusInterceptor.intercept(MybatisPlusInterceptor.java:81)
lease-web-app  | 	at org.apache.ibatis.plugin.Plugin.invoke(Plugin.java:62)
lease-web-app  | 	at jdk.proxy2/jdk.proxy2.$Proxy151.query(Unknown Source)
lease-web-app  | 	at org.apache.ibatis.session.defaults.DefaultSqlSession.selectList(DefaultSqlSession.java:151)
lease-web-app  | 	at org.apache.ibatis.session.defaults.DefaultSqlSession.selectList(DefaultSqlSession.java:145)
lease-web-app  | 	at org.apache.ibatis.session.defaults.DefaultSqlSession.selectList(DefaultSqlSession.java:140)
lease-web-app  | 	at org.apache.ibatis.session.defaults.DefaultSqlSession.selectOne(DefaultSqlSession.java:76)
lease-web-app  | 	at java.base/jdk.internal.reflect.NativeMethodAccessorImpl.invoke0(Native Method)
lease-web-app  | 	at java.base/jdk.internal.reflect.NativeMethodAccessorImpl.invoke(NativeMethodAccessorImpl.java:78)
lease-web-app  | 	at java.base/jdk.internal.reflect.DelegatingMethodAccessorImpl.invoke(DelegatingMethodAccessorImpl.java:43)
lease-web-app  | 	at java.base/java.lang.reflect.Method.invoke(Method.java:568)
lease-web-app  | 	at org.mybatis.spring.SqlSessionTemplate$SqlSessionInterceptor.invoke(SqlSessionTemplate.java:427)
lease-web-app  | 	... 58 more
lease-web-app  | Creating a new SqlSession
lease-web-app  | SqlSession [org.apache.ibatis.session.defaults.DefaultSqlSession@76c1d200] was not registered for synchronization because synchronization is not active
lease-web-app  | JDBC Connection [HikariProxyConnection@1860298189 wrapping com.mysql.cj.jdbc.ConnectionImpl@2f338041] will not be managed by Spring
lease-web-app  | ==>  Preparing: select id, phone, email, password, avatar_url, nickname, status, create_time, update_time, is_deleted from user_info where is_deleted = 0 and (email = ? or phone = ?)
lease-web-app  | ==> Parameters: 13312345678(String), 13312345678(String)
lease-web-app  | Closing non transactional SqlSession [org.apache.ibatis.session.defaults.DefaultSqlSession@76c1d200]
lease-web-app  | org.springframework.jdbc.BadSqlGrammarException: 
lease-web-app  | ### Error querying database.  Cause: java.sql.SQLSyntaxErrorException: Table 'lease.user_info' doesn't exist
lease-web-app  | ### The error may exist in URL [jar:file:/app/app.jar!/BOOT-INF/classes!/mapper/UserInfoMapper.xml]
lease-web-app  | ### The error may involve defaultParameterMap
lease-web-app  | ### The error occurred while setting parameters
lease-web-app  | ### SQL: select id,                phone,                email,                password,                avatar_url,                nickname,                status,                create_time,                update_time,                is_deleted         from user_info         where is_deleted = 0           and (email = ? or phone = ?)
lease-web-app  | ### Cause: java.sql.SQLSyntaxErrorException: Table 'lease.user_info' doesn't exist
lease-web-app  | ; bad SQL grammar []
lease-web-app  | 	at org.springframework.jdbc.support.SQLErrorCodeSQLExceptionTranslator.doTranslate(SQLErrorCodeSQLExceptionTranslator.java:243)
lease-web-app  | 	at org.springframework.jdbc.support.AbstractFallbackSQLExceptionTranslator.translate(AbstractFallbackSQLExceptionTranslator.java:70)
lease-web-app  | 	at org.mybatis.spring.MyBatisExceptionTranslator.translateExceptionIfPossible(MyBatisExceptionTranslator.java:91)
lease-web-app  | 	at org.mybatis.spring.SqlSessionTemplate$SqlSessionInterceptor.invoke(SqlSessionTemplate.java:441)
lease-web-app  | 	at jdk.proxy2/jdk.proxy2.$Proxy94.selectOne(Unknown Source)
lease-web-app  | 	at org.mybatis.spring.SqlSessionTemplate.selectOne(SqlSessionTemplate.java:160)
lease-web-app  | 	at com.baomidou.mybatisplus.core.override.MybatisMapperMethod.execute(MybatisMapperMethod.java:89)
lease-web-app  | 	at com.baomidou.mybatisplus.core.override.MybatisMapperProxy$PlainMethodInvoker.invoke(MybatisMapperProxy.java:148)
lease-web-app  | 	at com.baomidou.mybatisplus.core.override.MybatisMapperProxy.invoke(MybatisMapperProxy.java:89)
lease-web-app  | 	at jdk.proxy2/jdk.proxy2.$Proxy108.selectOneByAccount(Unknown Source)
lease-web-app  | 	at com.atguigu.lease.web.app.service.impl.LoginServiceImpl.loginWithPassword(LoginServiceImpl.java:152)
lease-web-app  | 	at com.atguigu.lease.web.app.controller.login.LoginController.loginWithPassword(LoginController.java:47)
lease-web-app  | 	at java.base/jdk.internal.reflect.NativeMethodAccessorImpl.invoke0(Native Method)
lease-web-app  | 	at java.base/jdk.internal.reflect.NativeMethodAccessorImpl.invoke(NativeMethodAccessorImpl.java:78)
lease-web-app  | 	at java.base/jdk.internal.reflect.DelegatingMethodAccessorImpl.invoke(DelegatingMethodAccessorImpl.java:43)
lease-web-app  | 	at java.base/java.lang.reflect.Method.invoke(Method.java:568)
lease-web-app  | 	at org.springframework.web.method.support.InvocableHandlerMethod.doInvoke(InvocableHandlerMethod.java:207)
lease-web-app  | 	at org.springframework.web.method.support.InvocableHandlerMethod.invokeForRequest(InvocableHandlerMethod.java:152)
lease-web-app  | 	at org.springframework.web.servlet.mvc.method.annotation.ServletInvocableHandlerMethod.invokeAndHandle(ServletInvocableHandlerMethod.java:118)
lease-web-app  | 	at org.springframework.web.servlet.mvc.method.annotation.RequestMappingHandlerAdapter.invokeHandlerMethod(RequestMappingHandlerAdapter.java:884)
lease-web-app  | 	at org.springframework.web.servlet.mvc.method.annotation.RequestMappingHandlerAdapter.handleInternal(RequestMappingHandlerAdapter.java:797)
lease-web-app  | 	at org.springframework.web.servlet.mvc.method.AbstractHandlerMethodAdapter.handle(AbstractHandlerMethodAdapter.java:87)
lease-web-app  | 	at org.springframework.web.servlet.DispatcherServlet.doDispatch(DispatcherServlet.java:1081)
lease-web-app  | 	at org.springframework.web.servlet.DispatcherServlet.doService(DispatcherServlet.java:974)
lease-web-app  | 	at org.springframework.web.servlet.FrameworkServlet.processRequest(FrameworkServlet.java:1011)
lease-web-app  | 	at org.springframework.web.servlet.FrameworkServlet.doPost(FrameworkServlet.java:914)
lease-web-app  | 	at jakarta.servlet.http.HttpServlet.service(HttpServlet.java:563)
lease-web-app  | 	at org.springframework.web.servlet.FrameworkServlet.service(FrameworkServlet.java:885)
lease-web-app  | 	at jakarta.servlet.http.HttpServlet.service(HttpServlet.java:631)
lease-web-app  | 	at org.apache.catalina.core.ApplicationFilterChain.internalDoFilter(ApplicationFilterChain.java:205)
lease-web-app  | 	at org.apache.catalina.core.ApplicationFilterChain.doFilter(ApplicationFilterChain.java:149)
lease-web-app  | 	at org.apache.tomcat.websocket.server.WsFilter.doFilter(WsFilter.java:53)
lease-web-app  | 	at org.apache.catalina.core.ApplicationFilterChain.internalDoFilter(ApplicationFilterChain.java:174)
lease-web-app  | 	at org.apache.catalina.core.ApplicationFilterChain.doFilter(ApplicationFilterChain.java:149)
lease-web-app  | 	at org.springframework.web.filter.RequestContextFilter.doFilterInternal(RequestContextFilter.java:100)
lease-web-app  | 	at org.springframework.web.filter.OncePerRequestFilter.doFilter(OncePerRequestFilter.java:116)
lease-web-app  | 	at org.apache.catalina.core.ApplicationFilterChain.internalDoFilter(ApplicationFilterChain.java:174)
lease-web-app  | 	at org.apache.catalina.core.ApplicationFilterChain.doFilter(ApplicationFilterChain.java:149)
lease-web-app  | 	at org.springframework.web.filter.FormContentFilter.doFilterInternal(FormContentFilter.java:93)
lease-web-app  | 	at org.springframework.web.filter.OncePerRequestFilter.doFilter(OncePerRequestFilter.java:116)
lease-web-app  | 	at org.apache.catalina.core.ApplicationFilterChain.internalDoFilter(ApplicationFilterChain.java:174)
lease-web-app  | 	at org.apache.catalina.core.ApplicationFilterChain.doFilter(ApplicationFilterChain.java:149)
lease-web-app  | 	at org.springframework.web.filter.CharacterEncodingFilter.doFilterInternal(CharacterEncodingFilter.java:201)
lease-web-app  | 	at org.springframework.web.filter.OncePerRequestFilter.doFilter(OncePerRequestFilter.java:116)
lease-web-app  | 	at org.apache.catalina.core.ApplicationFilterChain.internalDoFilter(ApplicationFilterChain.java:174)
lease-web-app  | 	at org.apache.catalina.core.ApplicationFilterChain.doFilter(ApplicationFilterChain.java:149)
lease-web-app  | 	at org.apache.catalina.core.StandardWrapperValve.invoke(StandardWrapperValve.java:166)
lease-web-app  | 	at org.apache.catalina.core.StandardContextValve.invoke(StandardContextValve.java:90)
lease-web-app  | 	at org.apache.catalina.authenticator.AuthenticatorBase.invoke(AuthenticatorBase.java:493)
lease-web-app  | 	at org.apache.catalina.core.StandardHostValve.invoke(StandardHostValve.java:115)
lease-web-app  | 	at org.apache.catalina.valves.ErrorReportValve.invoke(ErrorReportValve.java:93)
lease-web-app  | 	at org.apache.catalina.core.StandardEngineValve.invoke(StandardEngineValve.java:74)
lease-web-app  | 	at org.apache.catalina.connector.CoyoteAdapter.service(CoyoteAdapter.java:341)
lease-web-app  | 	at org.apache.coyote.http11.Http11Processor.service(Http11Processor.java:390)
lease-web-app  | 	at org.apache.coyote.AbstractProcessorLight.process(AbstractProcessorLight.java:63)
lease-web-app  | 	at org.apache.coyote.AbstractProtocol$ConnectionHandler.process(AbstractProtocol.java:894)
lease-web-app  | 	at org.apache.tomcat.util.net.NioEndpoint$SocketProcessor.doRun(NioEndpoint.java:1741)
lease-web-app  | 	at org.apache.tomcat.util.net.SocketProcessorBase.run(SocketProcessorBase.java:52)
lease-web-app  | 	at org.apache.tomcat.util.threads.ThreadPoolExecutor.runWorker(ThreadPoolExecutor.java:1191)
lease-web-app  | 	at org.apache.tomcat.util.threads.ThreadPoolExecutor$Worker.run(ThreadPoolExecutor.java:659)
lease-web-app  | 	at org.apache.tomcat.util.threads.TaskThread$WrappingRunnable.run(TaskThread.java:61)
lease-web-app  | 	at java.base/java.lang.Thread.run(Thread.java:831)
lease-web-app  | Caused by: java.sql.SQLSyntaxErrorException: Table 'lease.user_info' doesn't exist
lease-web-app  | 	at com.mysql.cj.jdbc.exceptions.SQLError.createSQLException(SQLError.java:120)
lease-web-app  | 	at com.mysql.cj.jdbc.exceptions.SQLExceptionsMapping.translateException(SQLExceptionsMapping.java:122)
lease-web-app  | 	at com.mysql.cj.jdbc.ClientPreparedStatement.executeInternal(ClientPreparedStatement.java:916)
lease-web-app  | 	at com.mysql.cj.jdbc.ClientPreparedStatement.execute(ClientPreparedStatement.java:354)
lease-web-app  | 	at com.zaxxer.hikari.pool.ProxyPreparedStatement.execute(ProxyPreparedStatement.java:44)
lease-web-app  | 	at com.zaxxer.hikari.pool.HikariProxyPreparedStatement.execute(HikariProxyPreparedStatement.java)
lease-web-app  | 	at java.base/jdk.internal.reflect.NativeMethodAccessorImpl.invoke0(Native Method)
lease-web-app  | 	at java.base/jdk.internal.reflect.NativeMethodAccessorImpl.invoke(NativeMethodAccessorImpl.java:78)
lease-web-app  | 	at java.base/jdk.internal.reflect.DelegatingMethodAccessorImpl.invoke(DelegatingMethodAccessorImpl.java:43)
lease-web-app  | 	at java.base/java.lang.reflect.Method.invoke(Method.java:568)
lease-web-app  | 	at org.apache.ibatis.logging.jdbc.PreparedStatementLogger.invoke(PreparedStatementLogger.java:59)
lease-web-app  | 	at jdk.proxy3/jdk.proxy3.$Proxy154.execute(Unknown Source)
lease-web-app  | 	at org.apache.ibatis.executor.statement.PreparedStatementHandler.query(PreparedStatementHandler.java:64)
lease-web-app  | 	at org.apache.ibatis.executor.statement.RoutingStatementHandler.query(RoutingStatementHandler.java:79)
lease-web-app  | 	at java.base/jdk.internal.reflect.NativeMethodAccessorImpl.invoke0(Native Method)
lease-web-app  | 	at java.base/jdk.internal.reflect.NativeMethodAccessorImpl.invoke(NativeMethodAccessorImpl.java:78)
lease-web-app  | 	at java.base/jdk.internal.reflect.DelegatingMethodAccessorImpl.invoke(DelegatingMethodAccessorImpl.java:43)
lease-web-app  | 	at java.base/java.lang.reflect.Method.invoke(Method.java:568)
lease-web-app  | 	at org.apache.ibatis.plugin.Plugin.invoke(Plugin.java:64)
lease-web-app  | 	at jdk.proxy2/jdk.proxy2.$Proxy152.query(Unknown Source)
lease-web-app  | 	at org.apache.ibatis.executor.SimpleExecutor.doQuery(SimpleExecutor.java:63)
lease-web-app  | 	at org.apache.ibatis.executor.BaseExecutor.queryFromDatabase(BaseExecutor.java:325)
lease-web-app  | 	at org.apache.ibatis.executor.BaseExecutor.query(BaseExecutor.java:156)
lease-web-app  | 	at org.apache.ibatis.executor.CachingExecutor.query(CachingExecutor.java:109)
lease-web-app  | 	at com.baomidou.mybatisplus.extension.plugins.MybatisPlusInterceptor.intercept(MybatisPlusInterceptor.java:81)
lease-web-app  | 	at org.apache.ibatis.plugin.Plugin.invoke(Plugin.java:62)
lease-web-app  | 	at jdk.proxy2/jdk.proxy2.$Proxy151.query(Unknown Source)
lease-web-app  | 	at org.apache.ibatis.session.defaults.DefaultSqlSession.selectList(DefaultSqlSession.java:151)
lease-web-app  | 	at org.apache.ibatis.session.defaults.DefaultSqlSession.selectList(DefaultSqlSession.java:145)
lease-web-app  | 	at org.apache.ibatis.session.defaults.DefaultSqlSession.selectList(DefaultSqlSession.java:140)
lease-web-app  | 	at org.apache.ibatis.session.defaults.DefaultSqlSession.selectOne(DefaultSqlSession.java:76)
lease-web-app  | 	at java.base/jdk.internal.reflect.NativeMethodAccessorImpl.invoke0(Native Method)
lease-web-app  | 	at java.base/jdk.internal.reflect.NativeMethodAccessorImpl.invoke(NativeMethodAccessorImpl.java:78)
lease-web-app  | 	at java.base/jdk.internal.reflect.DelegatingMethodAccessorImpl.invoke(DelegatingMethodAccessorImpl.java:43)
lease-web-app  | 	at java.base/java.lang.reflect.Method.invoke(Method.java:568)
lease-web-app  | 	at org.mybatis.spring.SqlSessionTemplate$SqlSessionInterceptor.invoke(SqlSessionTemplate.java:427)
lease-web-app  | 	... 58 more
lease-web-app  | Creating a new SqlSession
lease-web-app  | SqlSession [org.apache.ibatis.session.defaults.DefaultSqlSession@2b00de0e] was not registered for synchronization because synchronization is not active
lease-web-app  | JDBC Connection [HikariProxyConnection@301869301 wrapping com.mysql.cj.jdbc.ConnectionImpl@2f338041] will not be managed by Spring
lease-web-app  | ==>  Preparing: select id, phone, email, password, avatar_url, nickname, status, create_time, update_time, is_deleted from user_info where is_deleted = 0 and (email = ? or phone = ?)
lease-web-app  | ==> Parameters: 13312345678(String), 13312345678(String)
lease-web-app  | Closing non transactional SqlSession [org.apache.ibatis.session.defaults.DefaultSqlSession@2b00de0e]
lease-web-app  | org.springframework.jdbc.BadSqlGrammarException: 
lease-web-app  | ### Error querying database.  Cause: java.sql.SQLSyntaxErrorException: Table 'lease.user_info' doesn't exist
lease-web-app  | ### The error may exist in URL [jar:file:/app/app.jar!/BOOT-INF/classes!/mapper/UserInfoMapper.xml]
lease-web-app  | ### The error may involve defaultParameterMap
lease-web-app  | ### The error occurred while setting parameters
lease-web-app  | ### SQL: select id,                phone,                email,                password,                avatar_url,                nickname,                status,                create_time,                update_time,                is_deleted         from user_info         where is_deleted = 0           and (email = ? or phone = ?)
lease-web-app  | ### Cause: java.sql.SQLSyntaxErrorException: Table 'lease.user_info' doesn't exist
lease-web-app  | ; bad SQL grammar []
lease-web-app  | 	at org.springframework.jdbc.support.SQLErrorCodeSQLExceptionTranslator.doTranslate(SQLErrorCodeSQLExceptionTranslator.java:243)
lease-web-app  | 	at org.springframework.jdbc.support.AbstractFallbackSQLExceptionTranslator.translate(AbstractFallbackSQLExceptionTranslator.java:70)
lease-web-app  | 	at org.mybatis.spring.MyBatisExceptionTranslator.translateExceptionIfPossible(MyBatisExceptionTranslator.java:91)
lease-web-app  | 	at org.mybatis.spring.SqlSessionTemplate$SqlSessionInterceptor.invoke(SqlSessionTemplate.java:441)
lease-web-app  | 	at jdk.proxy2/jdk.proxy2.$Proxy94.selectOne(Unknown Source)
lease-web-app  | 	at org.mybatis.spring.SqlSessionTemplate.selectOne(SqlSessionTemplate.java:160)
lease-web-app  | 	at com.baomidou.mybatisplus.core.override.MybatisMapperMethod.execute(MybatisMapperMethod.java:89)
lease-web-app  | 	at com.baomidou.mybatisplus.core.override.MybatisMapperProxy$PlainMethodInvoker.invoke(MybatisMapperProxy.java:148)
lease-web-app  | 	at com.baomidou.mybatisplus.core.override.MybatisMapperProxy.invoke(MybatisMapperProxy.java:89)
lease-web-app  | 	at jdk.proxy2/jdk.proxy2.$Proxy108.selectOneByAccount(Unknown Source)
lease-web-app  | 	at com.atguigu.lease.web.app.service.impl.LoginServiceImpl.loginWithPassword(LoginServiceImpl.java:152)
lease-web-app  | 	at com.atguigu.lease.web.app.controller.login.LoginController.loginWithPassword(LoginController.java:47)
lease-web-app  | 	at java.base/jdk.internal.reflect.NativeMethodAccessorImpl.invoke0(Native Method)
lease-web-app  | 	at java.base/jdk.internal.reflect.NativeMethodAccessorImpl.invoke(NativeMethodAccessorImpl.java:78)
lease-web-app  | 	at java.base/jdk.internal.reflect.DelegatingMethodAccessorImpl.invoke(DelegatingMethodAccessorImpl.java:43)
lease-web-app  | 	at java.base/java.lang.reflect.Method.invoke(Method.java:568)
lease-web-app  | 	at org.springframework.web.method.support.InvocableHandlerMethod.doInvoke(InvocableHandlerMethod.java:207)
lease-web-app  | 	at org.springframework.web.method.support.InvocableHandlerMethod.invokeForRequest(InvocableHandlerMethod.java:152)
lease-web-app  | 	at org.springframework.web.servlet.mvc.method.annotation.ServletInvocableHandlerMethod.invokeAndHandle(ServletInvocableHandlerMethod.java:118)
lease-web-app  | 	at org.springframework.web.servlet.mvc.method.annotation.RequestMappingHandlerAdapter.invokeHandlerMethod(RequestMappingHandlerAdapter.java:884)
lease-web-app  | 	at org.springframework.web.servlet.mvc.method.annotation.RequestMappingHandlerAdapter.handleInternal(RequestMappingHandlerAdapter.java:797)
lease-web-app  | 	at org.springframework.web.servlet.mvc.method.AbstractHandlerMethodAdapter.handle(AbstractHandlerMethodAdapter.java:87)
lease-web-app  | 	at org.springframework.web.servlet.DispatcherServlet.doDispatch(DispatcherServlet.java:1081)
lease-web-app  | 	at org.springframework.web.servlet.DispatcherServlet.doService(DispatcherServlet.java:974)
lease-web-app  | 	at org.springframework.web.servlet.FrameworkServlet.processRequest(FrameworkServlet.java:1011)
lease-web-app  | 	at org.springframework.web.servlet.FrameworkServlet.doPost(FrameworkServlet.java:914)
lease-web-app  | 	at jakarta.servlet.http.HttpServlet.service(HttpServlet.java:563)
lease-web-app  | 	at org.springframework.web.servlet.FrameworkServlet.service(FrameworkServlet.java:885)
lease-web-app  | 	at jakarta.servlet.http.HttpServlet.service(HttpServlet.java:631)
lease-web-app  | 	at org.apache.catalina.core.ApplicationFilterChain.internalDoFilter(ApplicationFilterChain.java:205)
lease-web-app  | 	at org.apache.catalina.core.ApplicationFilterChain.doFilter(ApplicationFilterChain.java:149)
lease-web-app  | 	at org.apache.tomcat.websocket.server.WsFilter.doFilter(WsFilter.java:53)
lease-web-app  | 	at org.apache.catalina.core.ApplicationFilterChain.internalDoFilter(ApplicationFilterChain.java:174)
lease-web-app  | 	at org.apache.catalina.core.ApplicationFilterChain.doFilter(ApplicationFilterChain.java:149)
lease-web-app  | 	at org.springframework.web.filter.RequestContextFilter.doFilterInternal(RequestContextFilter.java:100)
lease-web-app  | 	at org.springframework.web.filter.OncePerRequestFilter.doFilter(OncePerRequestFilter.java:116)
lease-web-app  | 	at org.apache.catalina.core.ApplicationFilterChain.internalDoFilter(ApplicationFilterChain.java:174)
lease-web-app  | 	at org.apache.catalina.core.ApplicationFilterChain.doFilter(ApplicationFilterChain.java:149)
lease-web-app  | 	at org.springframework.web.filter.FormContentFilter.doFilterInternal(FormContentFilter.java:93)
lease-web-app  | 	at org.springframework.web.filter.OncePerRequestFilter.doFilter(OncePerRequestFilter.java:116)
lease-web-app  | 	at org.apache.catalina.core.ApplicationFilterChain.internalDoFilter(ApplicationFilterChain.java:174)
lease-web-app  | 	at org.apache.catalina.core.ApplicationFilterChain.doFilter(ApplicationFilterChain.java:149)
lease-web-app  | 	at org.springframework.web.filter.CharacterEncodingFilter.doFilterInternal(CharacterEncodingFilter.java:201)
lease-web-app  | 	at org.springframework.web.filter.OncePerRequestFilter.doFilter(OncePerRequestFilter.java:116)
lease-web-app  | 	at org.apache.catalina.core.ApplicationFilterChain.internalDoFilter(ApplicationFilterChain.java:174)
lease-web-app  | 	at org.apache.catalina.core.ApplicationFilterChain.doFilter(ApplicationFilterChain.java:149)
lease-web-app  | 	at org.apache.catalina.core.StandardWrapperValve.invoke(StandardWrapperValve.java:166)
lease-web-app  | 	at org.apache.catalina.core.StandardContextValve.invoke(StandardContextValve.java:90)
lease-web-app  | 	at org.apache.catalina.authenticator.AuthenticatorBase.invoke(AuthenticatorBase.java:493)
lease-web-app  | 	at org.apache.catalina.core.StandardHostValve.invoke(StandardHostValve.java:115)
lease-web-app  | 	at org.apache.catalina.valves.ErrorReportValve.invoke(ErrorReportValve.java:93)
lease-web-app  | 	at org.apache.catalina.core.StandardEngineValve.invoke(StandardEngineValve.java:74)
lease-web-app  | 	at org.apache.catalina.connector.CoyoteAdapter.service(CoyoteAdapter.java:341)
lease-web-app  | 	at org.apache.coyote.http11.Http11Processor.service(Http11Processor.java:390)
lease-web-app  | 	at org.apache.coyote.AbstractProcessorLight.process(AbstractProcessorLight.java:63)
lease-web-app  | 	at org.apache.coyote.AbstractProtocol$ConnectionHandler.process(AbstractProtocol.java:894)
lease-web-app  | 	at org.apache.tomcat.util.net.NioEndpoint$SocketProcessor.doRun(NioEndpoint.java:1741)
lease-web-app  | 	at org.apache.tomcat.util.net.SocketProcessorBase.run(SocketProcessorBase.java:52)
lease-web-app  | 	at org.apache.tomcat.util.threads.ThreadPoolExecutor.runWorker(ThreadPoolExecutor.java:1191)
lease-web-app  | 	at org.apache.tomcat.util.threads.ThreadPoolExecutor$Worker.run(ThreadPoolExecutor.java:659)
lease-web-app  | 	at org.apache.tomcat.util.threads.TaskThread$WrappingRunnable.run(TaskThread.java:61)
lease-web-app  | 	at java.base/java.lang.Thread.run(Thread.java:831)
lease-web-app  | Caused by: java.sql.SQLSyntaxErrorException: Table 'lease.user_info' doesn't exist
lease-web-app  | 	at com.mysql.cj.jdbc.exceptions.SQLError.createSQLException(SQLError.java:120)
lease-web-app  | 	at com.mysql.cj.jdbc.exceptions.SQLExceptionsMapping.translateException(SQLExceptionsMapping.java:122)
lease-web-app  | 	at com.mysql.cj.jdbc.ClientPreparedStatement.executeInternal(ClientPreparedStatement.java:916)
lease-web-app  | 	at com.mysql.cj.jdbc.ClientPreparedStatement.execute(ClientPreparedStatement.java:354)
lease-web-app  | 	at com.zaxxer.hikari.pool.ProxyPreparedStatement.execute(ProxyPreparedStatement.java:44)
lease-web-app  | 	at com.zaxxer.hikari.pool.HikariProxyPreparedStatement.execute(HikariProxyPreparedStatement.java)
lease-web-app  | 	at java.base/jdk.internal.reflect.NativeMethodAccessorImpl.invoke0(Native Method)
lease-web-app  | 	at java.base/jdk.internal.reflect.NativeMethodAccessorImpl.invoke(NativeMethodAccessorImpl.java:78)
lease-web-app  | 	at java.base/jdk.internal.reflect.DelegatingMethodAccessorImpl.invoke(DelegatingMethodAccessorImpl.java:43)
lease-web-app  | 	at java.base/java.lang.reflect.Method.invoke(Method.java:568)
lease-web-app  | 	at org.apache.ibatis.logging.jdbc.PreparedStatementLogger.invoke(PreparedStatementLogger.java:59)
lease-web-app  | 	at jdk.proxy3/jdk.proxy3.$Proxy154.execute(Unknown Source)
lease-web-app  | 	at org.apache.ibatis.executor.statement.PreparedStatementHandler.query(PreparedStatementHandler.java:64)
lease-web-app  | 	at org.apache.ibatis.executor.statement.RoutingStatementHandler.query(RoutingStatementHandler.java:79)
lease-web-app  | 	at java.base/jdk.internal.reflect.NativeMethodAccessorImpl.invoke0(Native Method)
lease-web-app  | 	at java.base/jdk.internal.reflect.NativeMethodAccessorImpl.invoke(NativeMethodAccessorImpl.java:78)
lease-web-app  | 	at java.base/jdk.internal.reflect.DelegatingMethodAccessorImpl.invoke(DelegatingMethodAccessorImpl.java:43)
lease-web-app  | 	at java.base/java.lang.reflect.Method.invoke(Method.java:568)
lease-web-app  | 	at org.apache.ibatis.plugin.Plugin.invoke(Plugin.java:64)
lease-web-app  | 	at jdk.proxy2/jdk.proxy2.$Proxy152.query(Unknown Source)
lease-web-app  | 	at org.apache.ibatis.executor.SimpleExecutor.doQuery(SimpleExecutor.java:63)
lease-web-app  | 	at org.apache.ibatis.executor.BaseExecutor.queryFromDatabase(BaseExecutor.java:325)
lease-web-app  | 	at org.apache.ibatis.executor.BaseExecutor.query(BaseExecutor.java:156)
lease-web-app  | 	at org.apache.ibatis.executor.CachingExecutor.query(CachingExecutor.java:109)
lease-web-app  | 	at com.baomidou.mybatisplus.extension.plugins.MybatisPlusInterceptor.intercept(MybatisPlusInterceptor.java:81)
lease-web-app  | 	at org.apache.ibatis.plugin.Plugin.invoke(Plugin.java:62)
lease-web-app  | 	at jdk.proxy2/jdk.proxy2.$Proxy151.query(Unknown Source)
lease-web-app  | 	at org.apache.ibatis.session.defaults.DefaultSqlSession.selectList(DefaultSqlSession.java:151)
lease-web-app  | 	at org.apache.ibatis.session.defaults.DefaultSqlSession.selectList(DefaultSqlSession.java:145)
lease-web-app  | 	at org.apache.ibatis.session.defaults.DefaultSqlSession.selectList(DefaultSqlSession.java:140)
lease-web-app  | 	at org.apache.ibatis.session.defaults.DefaultSqlSession.selectOne(DefaultSqlSession.java:76)
lease-web-app  | 	at java.base/jdk.internal.reflect.NativeMethodAccessorImpl.invoke0(Native Method)
lease-web-app  | 	at java.base/jdk.internal.reflect.NativeMethodAccessorImpl.invoke(NativeMethodAccessorImpl.java:78)
lease-web-app  | 	at java.base/jdk.internal.reflect.DelegatingMethodAccessorImpl.invoke(DelegatingMethodAccessorImpl.java:43)
lease-web-app  | 	at java.base/java.lang.reflect.Method.invoke(Method.java:568)
lease-web-app  | 	at org.mybatis.spring.SqlSessionTemplate$SqlSessionInterceptor.invoke(SqlSessionTemplate.java:427)
lease-web-app  | 	... 58 more
lease-web-app  | Creating a new SqlSession
lease-web-app  | SqlSession [org.apache.ibatis.session.defaults.DefaultSqlSession@3cb68a9] was not registered for synchronization because synchronization is not active
lease-web-app  | JDBC Connection [HikariProxyConnection@999480684 wrapping com.mysql.cj.jdbc.ConnectionImpl@6add8096] will not be managed by Spring
lease-web-app  | ==>  Preparing: select id, phone, email, password, avatar_url, nickname, status, create_time, update_time, is_deleted from user_info where is_deleted = 0 and (email = ? or phone = ?)
lease-web-app  | ==> Parameters: 13312345678(String), 13312345678(String)
lease-web-app  | Closing non transactional SqlSession [org.apache.ibatis.session.defaults.DefaultSqlSession@3cb68a9]
lease-web-app  | org.springframework.jdbc.BadSqlGrammarException: 
lease-web-app  | ### Error querying database.  Cause: java.sql.SQLSyntaxErrorException: Table 'lease.user_info' doesn't exist
lease-web-app  | ### The error may exist in URL [jar:file:/app/app.jar!/BOOT-INF/classes!/mapper/UserInfoMapper.xml]
lease-web-app  | ### The error may involve defaultParameterMap
lease-web-app  | ### The error occurred while setting parameters
lease-web-app  | ### SQL: select id,                phone,                email,                password,                avatar_url,                nickname,                status,                create_time,                update_time,                is_deleted         from user_info         where is_deleted = 0           and (email = ? or phone = ?)
lease-web-app  | ### Cause: java.sql.SQLSyntaxErrorException: Table 'lease.user_info' doesn't exist
lease-web-app  | ; bad SQL grammar []
lease-web-app  | 	at org.springframework.jdbc.support.SQLErrorCodeSQLExceptionTranslator.doTranslate(SQLErrorCodeSQLExceptionTranslator.java:243)
lease-web-app  | 	at org.springframework.jdbc.support.AbstractFallbackSQLExceptionTranslator.translate(AbstractFallbackSQLExceptionTranslator.java:70)
lease-web-app  | 	at org.mybatis.spring.MyBatisExceptionTranslator.translateExceptionIfPossible(MyBatisExceptionTranslator.java:91)
lease-web-app  | 	at org.mybatis.spring.SqlSessionTemplate$SqlSessionInterceptor.invoke(SqlSessionTemplate.java:441)
lease-web-app  | 	at jdk.proxy2/jdk.proxy2.$Proxy94.selectOne(Unknown Source)
lease-web-app  | 	at org.mybatis.spring.SqlSessionTemplate.selectOne(SqlSessionTemplate.java:160)
lease-web-app  | 	at com.baomidou.mybatisplus.core.override.MybatisMapperMethod.execute(MybatisMapperMethod.java:89)
lease-web-app  | 	at com.baomidou.mybatisplus.core.override.MybatisMapperProxy$PlainMethodInvoker.invoke(MybatisMapperProxy.java:148)
lease-web-app  | 	at com.baomidou.mybatisplus.core.override.MybatisMapperProxy.invoke(MybatisMapperProxy.java:89)
lease-web-app  | 	at jdk.proxy2/jdk.proxy2.$Proxy108.selectOneByAccount(Unknown Source)
lease-web-app  | 	at com.atguigu.lease.web.app.service.impl.LoginServiceImpl.loginWithPassword(LoginServiceImpl.java:152)
lease-web-app  | 	at com.atguigu.lease.web.app.controller.login.LoginController.loginWithPassword(LoginController.java:47)
lease-web-app  | 	at java.base/jdk.internal.reflect.NativeMethodAccessorImpl.invoke0(Native Method)
lease-web-app  | 	at java.base/jdk.internal.reflect.NativeMethodAccessorImpl.invoke(NativeMethodAccessorImpl.java:78)
lease-web-app  | 	at java.base/jdk.internal.reflect.DelegatingMethodAccessorImpl.invoke(DelegatingMethodAccessorImpl.java:43)
lease-web-app  | 	at java.base/java.lang.reflect.Method.invoke(Method.java:568)
lease-web-app  | 	at org.springframework.web.method.support.InvocableHandlerMethod.doInvoke(InvocableHandlerMethod.java:207)
lease-web-app  | 	at org.springframework.web.method.support.InvocableHandlerMethod.invokeForRequest(InvocableHandlerMethod.java:152)
lease-web-app  | 	at org.springframework.web.servlet.mvc.method.annotation.ServletInvocableHandlerMethod.invokeAndHandle(ServletInvocableHandlerMethod.java:118)
lease-web-app  | 	at org.springframework.web.servlet.mvc.method.annotation.RequestMappingHandlerAdapter.invokeHandlerMethod(RequestMappingHandlerAdapter.java:884)
lease-web-app  | 	at org.springframework.web.servlet.mvc.method.annotation.RequestMappingHandlerAdapter.handleInternal(RequestMappingHandlerAdapter.java:797)
lease-web-app  | 	at org.springframework.web.servlet.mvc.method.AbstractHandlerMethodAdapter.handle(AbstractHandlerMethodAdapter.java:87)
lease-web-app  | 	at org.springframework.web.servlet.DispatcherServlet.doDispatch(DispatcherServlet.java:1081)
lease-web-app  | 	at org.springframework.web.servlet.DispatcherServlet.doService(DispatcherServlet.java:974)
lease-web-app  | 	at org.springframework.web.servlet.FrameworkServlet.processRequest(FrameworkServlet.java:1011)
lease-web-app  | 	at org.springframework.web.servlet.FrameworkServlet.doPost(FrameworkServlet.java:914)
lease-web-app  | 	at jakarta.servlet.http.HttpServlet.service(HttpServlet.java:563)
lease-web-app  | 	at org.springframework.web.servlet.FrameworkServlet.service(FrameworkServlet.java:885)
lease-web-app  | 	at jakarta.servlet.http.HttpServlet.service(HttpServlet.java:631)
lease-web-app  | 	at org.apache.catalina.core.ApplicationFilterChain.internalDoFilter(ApplicationFilterChain.java:205)
lease-web-app  | 	at org.apache.catalina.core.ApplicationFilterChain.doFilter(ApplicationFilterChain.java:149)
lease-web-app  | 	at org.apache.tomcat.websocket.server.WsFilter.doFilter(WsFilter.java:53)
lease-web-app  | 	at org.apache.catalina.core.ApplicationFilterChain.internalDoFilter(ApplicationFilterChain.java:174)
lease-web-app  | 	at org.apache.catalina.core.ApplicationFilterChain.doFilter(ApplicationFilterChain.java:149)
lease-web-app  | 	at org.springframework.web.filter.RequestContextFilter.doFilterInternal(RequestContextFilter.java:100)
lease-web-app  | 	at org.springframework.web.filter.OncePerRequestFilter.doFilter(OncePerRequestFilter.java:116)
lease-web-app  | 	at org.apache.catalina.core.ApplicationFilterChain.internalDoFilter(ApplicationFilterChain.java:174)
lease-web-app  | 	at org.apache.catalina.core.ApplicationFilterChain.doFilter(ApplicationFilterChain.java:149)
lease-web-app  | 	at org.springframework.web.filter.FormContentFilter.doFilterInternal(FormContentFilter.java:93)
lease-web-app  | 	at org.springframework.web.filter.OncePerRequestFilter.doFilter(OncePerRequestFilter.java:116)
lease-web-app  | 	at org.apache.catalina.core.ApplicationFilterChain.internalDoFilter(ApplicationFilterChain.java:174)
lease-web-app  | 	at org.apache.catalina.core.ApplicationFilterChain.doFilter(ApplicationFilterChain.java:149)
lease-web-app  | 	at org.springframework.web.filter.CharacterEncodingFilter.doFilterInternal(CharacterEncodingFilter.java:201)
lease-web-app  | 	at org.springframework.web.filter.OncePerRequestFilter.doFilter(OncePerRequestFilter.java:116)
lease-web-app  | 	at org.apache.catalina.core.ApplicationFilterChain.internalDoFilter(ApplicationFilterChain.java:174)
lease-web-app  | 	at org.apache.catalina.core.ApplicationFilterChain.doFilter(ApplicationFilterChain.java:149)
lease-web-app  | 	at org.apache.catalina.core.StandardWrapperValve.invoke(StandardWrapperValve.java:166)
lease-web-app  | 	at org.apache.catalina.core.StandardContextValve.invoke(StandardContextValve.java:90)
lease-web-app  | 	at org.apache.catalina.authenticator.AuthenticatorBase.invoke(AuthenticatorBase.java:493)
lease-web-app  | 	at org.apache.catalina.core.StandardHostValve.invoke(StandardHostValve.java:115)
lease-web-app  | 	at org.apache.catalina.valves.ErrorReportValve.invoke(ErrorReportValve.java:93)
lease-web-app  | 	at org.apache.catalina.core.StandardEngineValve.invoke(StandardEngineValve.java:74)
lease-web-app  | 	at org.apache.catalina.connector.CoyoteAdapter.service(CoyoteAdapter.java:341)
lease-web-app  | 	at org.apache.coyote.http11.Http11Processor.service(Http11Processor.java:390)
lease-web-app  | 	at org.apache.coyote.AbstractProcessorLight.process(AbstractProcessorLight.java:63)
lease-web-app  | 	at org.apache.coyote.AbstractProtocol$ConnectionHandler.process(AbstractProtocol.java:894)
lease-web-app  | 	at org.apache.tomcat.util.net.NioEndpoint$SocketProcessor.doRun(NioEndpoint.java:1741)
lease-web-app  | 	at org.apache.tomcat.util.net.SocketProcessorBase.run(SocketProcessorBase.java:52)
lease-web-app  | 	at org.apache.tomcat.util.threads.ThreadPoolExecutor.runWorker(ThreadPoolExecutor.java:1191)
lease-web-app  | 	at org.apache.tomcat.util.threads.ThreadPoolExecutor$Worker.run(ThreadPoolExecutor.java:659)
lease-web-app  | 	at org.apache.tomcat.util.threads.TaskThread$WrappingRunnable.run(TaskThread.java:61)
lease-web-app  | 	at java.base/java.lang.Thread.run(Thread.java:831)
lease-web-app  | Caused by: java.sql.SQLSyntaxErrorException: Table 'lease.user_info' doesn't exist
lease-web-app  | 	at com.mysql.cj.jdbc.exceptions.SQLError.createSQLException(SQLError.java:120)
lease-web-app  | 	at com.mysql.cj.jdbc.exceptions.SQLExceptionsMapping.translateException(SQLExceptionsMapping.java:122)
lease-web-app  | 	at com.mysql.cj.jdbc.ClientPreparedStatement.executeInternal(ClientPreparedStatement.java:916)
lease-web-app  | 	at com.mysql.cj.jdbc.ClientPreparedStatement.execute(ClientPreparedStatement.java:354)
lease-web-app  | 	at com.zaxxer.hikari.pool.ProxyPreparedStatement.execute(ProxyPreparedStatement.java:44)
lease-web-app  | 	at com.zaxxer.hikari.pool.HikariProxyPreparedStatement.execute(HikariProxyPreparedStatement.java)
lease-web-app  | 	at java.base/jdk.internal.reflect.NativeMethodAccessorImpl.invoke0(Native Method)
lease-web-app  | 	at java.base/jdk.internal.reflect.NativeMethodAccessorImpl.invoke(NativeMethodAccessorImpl.java:78)
lease-web-app  | 	at java.base/jdk.internal.reflect.DelegatingMethodAccessorImpl.invoke(DelegatingMethodAccessorImpl.java:43)
lease-web-app  | 	at java.base/java.lang.reflect.Method.invoke(Method.java:568)
lease-web-app  | 	at org.apache.ibatis.logging.jdbc.PreparedStatementLogger.invoke(PreparedStatementLogger.java:59)
lease-web-app  | 	at jdk.proxy3/jdk.proxy3.$Proxy154.execute(Unknown Source)
lease-web-app  | 	at org.apache.ibatis.executor.statement.PreparedStatementHandler.query(PreparedStatementHandler.java:64)
lease-web-app  | 	at org.apache.ibatis.executor.statement.RoutingStatementHandler.query(RoutingStatementHandler.java:79)
lease-web-app  | 	at java.base/jdk.internal.reflect.NativeMethodAccessorImpl.invoke0(Native Method)
lease-web-app  | 	at java.base/jdk.internal.reflect.NativeMethodAccessorImpl.invoke(NativeMethodAccessorImpl.java:78)
lease-web-app  | 	at java.base/jdk.internal.reflect.DelegatingMethodAccessorImpl.invoke(DelegatingMethodAccessorImpl.java:43)
lease-web-app  | 	at java.base/java.lang.reflect.Method.invoke(Method.java:568)
lease-web-app  | 	at org.apache.ibatis.plugin.Plugin.invoke(Plugin.java:64)
lease-web-app  | 	at jdk.proxy2/jdk.proxy2.$Proxy152.query(Unknown Source)
lease-web-app  | 	at org.apache.ibatis.executor.SimpleExecutor.doQuery(SimpleExecutor.java:63)
lease-web-app  | 	at org.apache.ibatis.executor.BaseExecutor.queryFromDatabase(BaseExecutor.java:325)
lease-web-app  | 	at org.apache.ibatis.executor.BaseExecutor.query(BaseExecutor.java:156)
lease-web-app  | 	at org.apache.ibatis.executor.CachingExecutor.query(CachingExecutor.java:109)
lease-web-app  | 	at com.baomidou.mybatisplus.extension.plugins.MybatisPlusInterceptor.intercept(MybatisPlusInterceptor.java:81)
lease-web-app  | 	at org.apache.ibatis.plugin.Plugin.invoke(Plugin.java:62)
lease-web-app  | 	at jdk.proxy2/jdk.proxy2.$Proxy151.query(Unknown Source)
lease-web-app  | 	at org.apache.ibatis.session.defaults.DefaultSqlSession.selectList(DefaultSqlSession.java:151)
lease-web-app  | 	at org.apache.ibatis.session.defaults.DefaultSqlSession.selectList(DefaultSqlSession.java:145)
lease-web-app  | 	at org.apache.ibatis.session.defaults.DefaultSqlSession.selectList(DefaultSqlSession.java:140)
lease-web-app  | 	at org.apache.ibatis.session.defaults.DefaultSqlSession.selectOne(DefaultSqlSession.java:76)
lease-web-app  | 	at java.base/jdk.internal.reflect.NativeMethodAccessorImpl.invoke0(Native Method)
lease-web-app  | 	at java.base/jdk.internal.reflect.NativeMethodAccessorImpl.invoke(NativeMethodAccessorImpl.java:78)
lease-web-app  | 	at java.base/jdk.internal.reflect.DelegatingMethodAccessorImpl.invoke(DelegatingMethodAccessorImpl.java:43)
lease-web-app  | 	at java.base/java.lang.reflect.Method.invoke(Method.java:568)
lease-web-app  | 	at org.mybatis.spring.SqlSessionTemplate$SqlSessionInterceptor.invoke(SqlSessionTemplate.java:427)
lease-web-app  | 	... 58 more
